{"C:\\Users\\Pierre\\Desktop\\tests-unitaires\\estMort.js": {"path":"C:\\Users\\Pierre\\Desktop\\tests-unitaires\\estMort.js","statementMap":{"0":{"start":{"line":2,"column":4},"end":{"line":2,"column":41}},"1":{"start":{"line":2,"column":28},"end":{"line":2,"column":41}},"2":{"start":{"line":3,"column":4},"end":{"line":3,"column":67}},"3":{"start":{"line":3,"column":54},"end":{"line":3,"column":67}},"4":{"start":{"line":4,"column":4},"end":{"line":4,"column":26}},"5":{"start":{"line":7,"column":0},"end":{"line":7,"column":25}}},"fnMap":{"0":{"name":"estMort","decl":{"start":{"line":1,"column":9},"end":{"line":1,"column":16}},"loc":{"start":{"line":1,"column":25},"end":{"line":5,"column":1}},"line":1}},"branchMap":{"0":{"loc":{"start":{"line":2,"column":4},"end":{"line":2,"column":41}},"type":"if","locations":[{"start":{"line":2,"column":4},"end":{"line":2,"column":41}},{"start":{"line":2,"column":4},"end":{"line":2,"column":41}}],"line":2},"1":{"loc":{"start":{"line":3,"column":4},"end":{"line":3,"column":67}},"type":"if","locations":[{"start":{"line":3,"column":4},"end":{"line":3,"column":67}},{"start":{"line":3,"column":4},"end":{"line":3,"column":67}}],"line":3},"2":{"loc":{"start":{"line":3,"column":8},"end":{"line":3,"column":52}},"type":"binary-expr","locations":[{"start":{"line":3,"column":8},"end":{"line":3,"column":21}},{"start":{"line":3,"column":25},"end":{"line":3,"column":52}}],"line":3}},"s":{"0":4,"1":1,"2":3,"3":0,"4":3,"5":1},"f":{"0":4},"b":{"0":[1,3],"1":[0,3],"2":[3,0]},"_coverageSchema":"1a1c01bbd47fc00a2c39e90264f33305004495a9","hash":"983eb7915fafa2cad21b92a6f2393207bdafc6f1"}
}
